Build started 7/26/2017 3:39:57 PM.
     1>Project "D:\Frontend\ElectronCpp\ElectronCpp\ElectronCpp.vcxproj" on node 2 (Build target(s)).
     1>Link:
         C:\Program Files (x86)\Microsoft Visual Studio 12.0\VC\bin\link.exe /ERRORREPORT:PROMPT /OUT:"D:\Frontend\ElectronCpp\Debug\ElectronCpp.exe" /INCREMENTAL /NOLOGO D:\Frontend\ExtRef\Debug\ExtRef.lib kernel32.lib user32.lib gdi32.lib winspool.lib comdlg32.lib advapi32.lib shell32.lib ole32.lib oleaut32.lib uuid.lib odbc32.lib odbccp32.lib /MANIFEST /MANIFESTUAC:"level='asInvoker' uiAccess='false'" /manifest:embed /DEBUG /PDB:"D:\Frontend\ElectronCpp\Debug\ElectronCpp.pdb" /SUBSYSTEM:WINDOWS /TLBID:1 /DYNAMICBASE /NXCOMPAT /IMPLIB:"D:\Frontend\ElectronCpp\Debug\ElectronCpp.lib" /MACHINE:X86 Debug\ElectronCpp.obj
     1>MSVCRTD.lib(crtexew.obj) : error LNK2019: unresolved external symbol _WinMain@16 referenced in function ___tmainCRTStartup
     1>D:\Frontend\ElectronCpp\Debug\ElectronCpp.exe : fatal error LNK1120: 1 unresolved externals
     1>Done Building Project "D:\Frontend\ElectronCpp\ElectronCpp\ElectronCpp.vcxproj" (Build target(s)) -- FAILED.

Build FAILED.

Time Elapsed 00:00:00.39
